<?xml version="1.0" encoding="utf-8"?><testsuites><testsuite name="pytest" errors="0" failures="0" skipped="0" tests="24" time="6.633" timestamp="2022-06-24T18:13:48.890985" hostname="LAPTOP-GMMSPB9O"><testcase classname="tests.unit_tests.test_feature_analysis" name="test_missing_rate" file="tests\unit_tests\test_feature_analysis.py" line="25" time="0.022" /><testcase classname="tests.unit_tests.test_feature_analysis" name="test_zero_rate" file="tests\unit_tests\test_feature_analysis.py" line="33" time="0.016" /><testcase classname="tests.unit_tests.test_feature_analysis" name="test_analysis" file="tests\unit_tests\test_feature_analysis.py" line="41" time="0.953" /><testcase classname="tests.unit_tests.test_feature_analysis" name="test_iv_scores" file="tests\unit_tests\test_feature_analysis.py" line="51" time="0.361" /><testcase classname="tests.unit_tests.test_feature_analysis" name="test_stability" file="tests\unit_tests\test_feature_analysis.py" line="59" time="0.555" /><testcase classname="tests.unit_tests.test_feature_analysis" name="test_total" file="tests\unit_tests\test_feature_analysis.py" line="69" time="0.396" /><testcase classname="tests.unit_tests.test_feature_analysis" name="test_bad_rate" file="tests\unit_tests\test_feature_analysis.py" line="81" time="0.564" /><testcase classname="tests.unit_tests.test_feature_analysis" name="test_date_binned" file="tests\unit_tests\test_feature_analysis.py" line="93" time="0.943" /><testcase classname="tests.unit_tests.test_feature_types" name="test_data_type[Location-C-C]" file="tests\unit_tests\test_feature_types.py" line="94" time="0.008" /><testcase classname="tests.unit_tests.test_feature_types" name="test_data_type[MinTemp-NC-NC]" file="tests\unit_tests\test_feature_types.py" line="94" time="0.009" /><testcase classname="tests.unit_tests.test_feature_types" name="test_data_type[WindSpeed9am-NC-NC]" file="tests\unit_tests\test_feature_types.py" line="94" time="0.012" /><testcase classname="tests.unit_tests.test_feature_types" name="test_data_type[Date-DC-DC]" file="tests\unit_tests\test_feature_types.py" line="94" time="0.011" /><testcase classname="tests.unit_tests.test_feature_types" name="test_data_type[Cloud9am-NC-N]" file="tests\unit_tests\test_feature_types.py" line="94" time="0.012" /><testcase classname="tests.unit_tests.test_feature_types" name="test_find_type[C-list_of_type0]" file="tests\unit_tests\test_feature_types.py" line="105" time="0.016" /><testcase classname="tests.unit_tests.test_feature_types" name="test_find_type[NC-list_of_type1]" file="tests\unit_tests\test_feature_types.py" line="105" time="0.016" /><testcase classname="tests.unit_tests.test_feature_types" name="test_find_type[N-list_of_type2]" file="tests\unit_tests\test_feature_types.py" line="105" time="0.015" /><testcase classname="tests.unit_tests.test_feature_types" name="test_find_type[DC-list_of_type3]" file="tests\unit_tests\test_feature_types.py" line="105" time="0.016" /><testcase classname="tests.unit_tests.test_feature_types" name="test_find_type[D-list_of_type4]" file="tests\unit_tests\test_feature_types.py" line="105" time="0.019" /><testcase classname="tests.unit_tests.test_feature_types" name="test_labelled_df" file="tests\unit_tests\test_feature_types.py" line="115" time="0.030" /><testcase classname="tests.unit_tests.test_feature_types" name="test_cont_to_cat" file="tests\unit_tests\test_feature_types.py" line="122" time="0.231" /><testcase classname="tests.unit_tests.test_feature_types" name="test_find_missing" file="tests\unit_tests\test_feature_types.py" line="129" time="0.016" /><testcase classname="tests.unit_tests.test_feature_types" name="test_fill_missing" file="tests\unit_tests\test_feature_types.py" line="133" time="0.063" /><testcase classname="tests.unit_tests.test_feature_types" name="test_psi[1. Before 2012-2. After 2012, Before 2015-psi0]" file="tests\unit_tests\test_feature_types.py" line="140" time="0.319" /><testcase classname="tests.unit_tests.test_feature_types" name="test_psi[2. After 2012, Before 2015-3. After 2015-psi1]" file="tests\unit_tests\test_feature_types.py" line="140" time="0.324" /></testsuite></testsuites>