<?xml version="1.0" encoding="utf-8"?><testsuites><testsuite name="pytest" errors="0" failures="0" skipped="0" tests="24" time="11.329" timestamp="2022-06-28T11:38:06.610930" hostname="LAPTOP-GMMSPB9O"><testcase classname="tests.unit_tests.test_feature_analysis" name="test_missing_rate" file="tests\unit_tests\test_feature_analysis.py" line="25" time="0.066" /><testcase classname="tests.unit_tests.test_feature_analysis" name="test_zero_rate" file="tests\unit_tests\test_feature_analysis.py" line="33" time="0.033" /><testcase classname="tests.unit_tests.test_feature_analysis" name="test_analysis" file="tests\unit_tests\test_feature_analysis.py" line="41" time="1.696" /><testcase classname="tests.unit_tests.test_feature_analysis" name="test_iv_scores" file="tests\unit_tests\test_feature_analysis.py" line="51" time="0.410" /><testcase classname="tests.unit_tests.test_feature_analysis" name="test_stability" file="tests\unit_tests\test_feature_analysis.py" line="59" time="0.738" /><testcase classname="tests.unit_tests.test_feature_analysis" name="test_total" file="tests\unit_tests\test_feature_analysis.py" line="69" time="0.472" /><testcase classname="tests.unit_tests.test_feature_analysis" name="test_bad_rate" file="tests\unit_tests\test_feature_analysis.py" line="81" time="0.861" /><testcase classname="tests.unit_tests.test_feature_analysis" name="test_date_binned" file="tests\unit_tests\test_feature_analysis.py" line="93" time="1.226" /><testcase classname="tests.unit_tests.test_feature_types" name="test_data_type[Location-C-C]" file="tests\unit_tests\test_feature_types.py" line="94" time="0.026" /><testcase classname="tests.unit_tests.test_feature_types" name="test_data_type[MinTemp-NC-NC]" file="tests\unit_tests\test_feature_types.py" line="94" time="0.026" /><testcase classname="tests.unit_tests.test_feature_types" name="test_data_type[WindSpeed9am-NC-NC]" file="tests\unit_tests\test_feature_types.py" line="94" time="0.020" /><testcase classname="tests.unit_tests.test_feature_types" name="test_data_type[Date-DC-DC]" file="tests\unit_tests\test_feature_types.py" line="94" time="0.030" /><testcase classname="tests.unit_tests.test_feature_types" name="test_data_type[Cloud9am-NC-N]" file="tests\unit_tests\test_feature_types.py" line="94" time="0.022" /><testcase classname="tests.unit_tests.test_feature_types" name="test_find_type[C-list_of_type0]" file="tests\unit_tests\test_feature_types.py" line="105" time="0.016" /><testcase classname="tests.unit_tests.test_feature_types" name="test_find_type[NC-list_of_type1]" file="tests\unit_tests\test_feature_types.py" line="105" time="0.026" /><testcase classname="tests.unit_tests.test_feature_types" name="test_find_type[N-list_of_type2]" file="tests\unit_tests\test_feature_types.py" line="105" time="0.019" /><testcase classname="tests.unit_tests.test_feature_types" name="test_find_type[DC-list_of_type3]" file="tests\unit_tests\test_feature_types.py" line="105" time="0.017" /><testcase classname="tests.unit_tests.test_feature_types" name="test_find_type[D-list_of_type4]" file="tests\unit_tests\test_feature_types.py" line="105" time="0.042" /><testcase classname="tests.unit_tests.test_feature_types" name="test_labelled_df" file="tests\unit_tests\test_feature_types.py" line="115" time="0.055" /><testcase classname="tests.unit_tests.test_feature_types" name="test_cont_to_cat" file="tests\unit_tests\test_feature_types.py" line="122" time="0.289" /><testcase classname="tests.unit_tests.test_feature_types" name="test_find_missing" file="tests\unit_tests\test_feature_types.py" line="129" time="0.029" /><testcase classname="tests.unit_tests.test_feature_types" name="test_fill_missing" file="tests\unit_tests\test_feature_types.py" line="133" time="0.142" /><testcase classname="tests.unit_tests.test_feature_types" name="test_psi[1. Before 2012-2. After 2012, Before 2015-psi0]" file="tests\unit_tests\test_feature_types.py" line="140" time="0.457" /><testcase classname="tests.unit_tests.test_feature_types" name="test_psi[2. After 2012, Before 2015-3. After 2015-psi1]" file="tests\unit_tests\test_feature_types.py" line="140" time="0.480" /></testsuite></testsuites>